<?xml version="1.0" encoding="UTF-8"?>
<!-- Generated by org.testng.reporters.JUnitXMLReporter -->
<testsuite hostname="Santosh-PC" ignored="0" name="Test" tests="3" failures="3" timestamp="29 Jul 2019 04:12:26 GMT" time="0.152" errors="0">
  <testcase name="validLogin" time="0.032" classname="package2.TestNGTest1">
    <failure type="java.lang.NullPointerException">
      <![CDATA[java.lang.NullPointerException
at package2.TestNGTest1.validLogin(TestNGTest1.java:11)
... Removed 25 stack frames]]>
    </failure>
  </testcase> <!-- validLogin -->
  <testcase name="invalidLogin" time="0.002" classname="package2.TestNGTest1">
    <failure type="java.lang.NullPointerException">
      <![CDATA[java.lang.NullPointerException
at package2.TestNGTest1.invalidLogin(TestNGTest1.java:19)
... Removed 25 stack frames]]>
    </failure>
  </testcase> <!-- invalidLogin -->
  <testcase name="createNewCustomer" time="0.001" classname="package2.TestNGTest1">
    <failure type="java.lang.NullPointerException">
      <![CDATA[java.lang.NullPointerException
at package2.TestNGTest1.createNewCustomer(TestNGTest1.java:27)
... Removed 25 stack frames]]>
    </failure>
  </testcase> <!-- createNewCustomer -->
</testsuite> <!-- Test -->
